man knocking on a door
wheat field
handshake
heads bowed
clouds
man climbs ladder
man in wheatfield
thrasher rotating
combine machine in field
tractor in field
tractor silhouette
4H flag on wall
sunrise on horizon
two combine machines in field
combine machine
cars moving
people exiting a car
men shaking hands
four people on platform
human face in silhouette
cigarette
drinking
perfume
beer
smoking
handcuffs
prison
picnic
drinking
rowing
nurse
boy lying down
plaster cast
reading
microscope
pills
pointing
eating
wheelchair
viewmaster
potery
ceramics
painting
teapots
children
quilts
washing
weaving
pinning
threading
splash
bird flapping wings
map
bird eating
eggs
bird
man opening doors, walking
man speaking, direct address
river valley
man speaking, direct address
